[2018-06-20 08:56:32.229] [sharedprocess] [info] main {"machineId":"06cc32faabd936a9a245cc0c966d0b264e2b14619c067eccbf19f1a24bcffd21"}
[2018-06-20 08:56:32.265] [sharedprocess] [info] Scanned user extensions: 3
[2018-06-20 08:56:32.302] [sharedprocess] [info] Scanned system extensions: 70
[2018-06-20 08:56:32.956] [sharedprocess] [info] Scanned user extensions: 3
[2018-06-20 08:56:32.959] [sharedprocess] [info] Scanned user extensions: 3
[2018-06-20 08:56:32.968] [sharedprocess] [info] Scanned user extensions: 3
[2018-06-20 08:56:33.020] [sharedprocess] [info] Scanned system extensions: 70
[2018-06-20 08:56:33.022] [sharedprocess] [info] Scanned system extensions: 70
[2018-06-20 08:56:35.667] [sharedprocess] [info] Scanned user extensions: 3
[2018-06-20 08:56:47.408] [sharedprocess] [info] Scanned user extensions: 3
[2018-06-20 08:56:47.412] [sharedprocess] [info] Scanned user extensions: 3
[2018-06-20 08:56:47.418] [sharedprocess] [info] Scanned user extensions: 3
[2018-06-20 08:56:47.426] [sharedprocess] [info] Scanned user extensions: 3
[2018-06-20 08:56:47.503] [sharedprocess] [info] Scanned system extensions: 70
[2018-06-20 08:56:47.505] [sharedprocess] [info] Scanned system extensions: 70
[2018-06-20 08:56:47.508] [sharedprocess] [info] Scanned system extensions: 70
[2018-06-20 08:56:50.260] [sharedprocess] [info] Scanned user extensions: 3
[2018-06-20 08:57:11.319] [sharedprocess] [info] Scanned user extensions: 3
[2018-06-20 08:57:12.235] [sharedprocess] [info] Starting to clean up unused language packs.
[2018-06-20 08:57:57.846] [sharedprocess] [info] Scanned user extensions: 3
[2018-06-20 08:57:57.848] [sharedprocess] [info] Scanned user extensions: 3
[2018-06-20 08:57:57.853] [sharedprocess] [info] Scanned user extensions: 3
[2018-06-20 08:57:57.897] [sharedprocess] [info] Scanned system extensions: 70
[2018-06-20 08:57:57.900] [sharedprocess] [info] Scanned system extensions: 70
[2018-06-20 08:58:08.213] [sharedprocess] [info] Installing extension: pip-packages
[2018-06-20 08:58:08.218] [sharedprocess] [info] Scanned user extensions: 3
[2018-06-20 08:58:08.794] [sharedprocess] [info] Downloaded extension: pip-packages
[2018-06-20 08:58:08.823] [sharedprocess] [info] Extracted extension to /home/mick19955/.vscode/extensions/.etmoffat.pip-packages-0.4.3: etmoffat.pip-packages-0.4.3
[2018-06-20 08:58:08.824] [sharedprocess] [info] Renamed to /home/mick19955/.vscode/extensions/etmoffat.pip-packages-0.4.3
[2018-06-20 08:58:08.824] [sharedprocess] [info] Installation completed. etmoffat.pip-packages-0.4.3
[2018-06-20 08:58:08.842] [sharedprocess] [info] Extensions installed successfully: etmoffat.pip-packages
[2018-06-20 08:58:08.964] [sharedprocess] [info] Scanned user extensions: 4
[2018-06-20 08:58:08.986] [sharedprocess] [info] Scanned system extensions: 70
[2018-06-20 09:01:50.281] [sharedprocess] [info] Scanned user extensions: 4
[2018-06-20 09:06:50.291] [sharedprocess] [info] Scanned user extensions: 4
[2018-06-20 09:11:50.301] [sharedprocess] [info] Scanned user extensions: 4
[2018-06-20 09:16:50.310] [sharedprocess] [info] Scanned user extensions: 4
[2018-06-20 09:21:50.326] [sharedprocess] [info] Scanned user extensions: 4
[2018-06-20 09:23:12.702] [sharedprocess] [info] Scanned user extensions: 4
[2018-06-20 09:23:12.705] [sharedprocess] [info] Scanned user extensions: 4
[2018-06-20 09:23:12.742] [sharedprocess] [info] Scanned system extensions: 70
[2018-06-20 09:23:12.744] [sharedprocess] [info] Scanned system extensions: 70
[2018-06-20 09:26:50.334] [sharedprocess] [info] Scanned user extensions: 4
[2018-06-20 09:31:50.344] [sharedprocess] [info] Scanned user extensions: 4
[2018-06-20 09:36:50.353] [sharedprocess] [info] Scanned user extensions: 4
[2018-06-20 09:41:50.943] [sharedprocess] [info] Scanned user extensions: 4
[2018-06-20 09:46:50.953] [sharedprocess] [info] Scanned user extensions: 4
[2018-06-20 09:51:51.010] [sharedprocess] [info] Scanned user extensions: 4
[2018-06-20 09:56:51.025] [sharedprocess] [info] Scanned user extensions: 4
[2018-06-20 10:01:14.902] [sharedprocess] [info] Scanned user extensions: 4
[2018-06-20 10:01:14.904] [sharedprocess] [info] Scanned user extensions: 4
[2018-06-20 10:01:14.908] [sharedprocess] [info] Scanned user extensions: 4
[2018-06-20 10:01:14.970] [sharedprocess] [info] Scanned system extensions: 70
[2018-06-20 10:01:14.974] [sharedprocess] [info] Scanned system extensions: 70
[2018-06-20 10:01:17.523] [sharedprocess] [info] Scanned user extensions: 4
[2018-06-20 10:01:51.037] [sharedprocess] [info] Scanned user extensions: 4
[2018-06-20 10:06:51.045] [sharedprocess] [info] Scanned user extensions: 4
[2018-06-20 10:11:51.059] [sharedprocess] [info] Scanned user extensions: 4
[2018-06-20 10:16:51.071] [sharedprocess] [info] Scanned user extensions: 4
[2018-06-20 10:21:51.081] [sharedprocess] [info] Scanned user extensions: 4
[2018-06-20 10:26:51.091] [sharedprocess] [info] Scanned user extensions: 4
[2018-06-20 10:31:51.102] [sharedprocess] [info] Scanned user extensions: 4
[2018-06-20 10:36:51.113] [sharedprocess] [info] Scanned user extensions: 4
[2018-06-20 10:41:51.126] [sharedprocess] [info] Scanned user extensions: 4
[2018-06-20 10:46:51.137] [sharedprocess] [info] Scanned user extensions: 4
[2018-06-20 10:51:51.203] [sharedprocess] [info] Scanned user extensions: 4
[2018-06-20 10:56:51.212] [sharedprocess] [info] Scanned user extensions: 4
[2018-06-20 11:01:51.222] [sharedprocess] [info] Scanned user extensions: 4
[2018-06-20 11:06:51.232] [sharedprocess] [info] Scanned user extensions: 4
[2018-06-20 11:11:51.241] [sharedprocess] [info] Scanned user extensions: 4
[2018-06-20 11:16:51.250] [sharedprocess] [info] Scanned user extensions: 4
[2018-06-20 11:21:51.259] [sharedprocess] [info] Scanned user extensions: 4
[2018-06-20 11:26:51.276] [sharedprocess] [info] Scanned user extensions: 4
[2018-06-20 11:31:51.293] [sharedprocess] [info] Scanned user extensions: 4
[2018-06-20 11:36:51.301] [sharedprocess] [info] Scanned user extensions: 4
[2018-06-20 11:41:51.312] [sharedprocess] [info] Scanned user extensions: 4
[2018-06-20 11:46:51.319] [sharedprocess] [info] Scanned user extensions: 4
[2018-06-20 11:51:51.376] [sharedprocess] [info] Scanned user extensions: 4
[2018-06-20 11:56:51.384] [sharedprocess] [info] Scanned user extensions: 4
[2018-06-20 12:01:51.394] [sharedprocess] [info] Scanned user extensions: 4
[2018-06-20 12:06:51.402] [sharedprocess] [info] Scanned user extensions: 4
[2018-06-20 12:11:51.413] [sharedprocess] [info] Scanned user extensions: 4
[2018-06-20 12:16:51.422] [sharedprocess] [info] Scanned user extensions: 4
[2018-06-20 12:21:51.434] [sharedprocess] [info] Scanned user extensions: 4
[2018-06-20 12:26:51.444] [sharedprocess] [info] Scanned user extensions: 4
[2018-06-20 12:31:51.453] [sharedprocess] [info] Scanned user extensions: 4
[2018-06-20 12:36:51.462] [sharedprocess] [info] Scanned user extensions: 4
[2018-06-20 12:41:51.472] [sharedprocess] [info] Scanned user extensions: 4
[2018-06-20 12:46:51.480] [sharedprocess] [info] Scanned user extensions: 4
